[academy.manag.project.viewcert.org/auth/State.html]
[cdn.datatables.net/1.12.1/css/jquery.dataTables.min.css]
[ajax.googleapis.com/ajax/libs/jquery/3.6.0/jquery.min.js]
[cdn.jsdelivr.net/npm/sweetalert2@11.4.14/dist/sweetalert2.all.min.js]
[unpkg.com/sweetalert/dist/sweetalert.min.4.delayed]
[unpkg.com/sweetalert@2.1.2/dist/sweetalert.min.js]
[cdnjs.cloudflare.com/ajax/libs/fancybox/3.2.0/jquery.fancybox.min.css]
[ajax.googleapis.com/ajax/libs/jquery/2.1.1/jquery.min.js]
[cdnjs.cloudflare.com/ajax/libs/fancybox/3.2.0/jquery.fancybox.min.js]
[cdnjs.cloudflare.com/ajax/libs/font-awesome/6.1.2/css/all.min.css]
[academy.manag.project.viewcert.org/auth/plugins/fontawesome-free/css/all.min.css]
[code.ionicframework.com/ionicons/2.0.1/css/ionicons.min.css]
[academy.manag.project.viewcert.org/auth/plugins/tempusdominus-bootstrap-4/css/tempusdominus-bootstrap-4.min.css]
[academy.manag.project.viewcert.org/auth/plugins/icheck-bootstrap/icheck-bootstrap.min.css]
[academy.manag.project.viewcert.org/auth/plugins/jqvmap/jqvmap.min.css]
[academy.manag.project.viewcert.org/auth/plugins/overlayScrollbars/css/OverlayScrollbars.min.css]
[academy.manag.project.viewcert.org/auth/plugins/daterangepicker/daterangepicker.css]
[backblue.gif]
[fade.gif]
[index.html]
[academy.manag.project.viewcert.org/auth/State.html]
[cdn.datatables.net/1.12.1/css/jquery.dataTables.min.css]
[cdnjs.cloudflare.com/ajax/libs/fancybox/3.2.0/jquery.fancybox.min.css]
[cdnjs.cloudflare.com/ajax/libs/font-awesome/6.1.2/css/all.min.css]
[academy.manag.project.viewcert.org/auth/plugins/summernote/summernote-bs4.min.css]
[academy.manag.project.viewcert.org/auth/dist/css/adminlte.min.css]
[academy.manag.project.viewcert.org/auth/plugins/fontawesome-free/webfonts/fa-brands-400.eot]
[academy.manag.project.viewcert.org/auth/plugins/fontawesome-free/webfonts/fa-brands-400.woff2]
[academy.manag.project.viewcert.org/auth/plugins/fontawesome-free/webfonts/fa-brands-400.woff]
[academy.manag.project.viewcert.org/auth/plugins/fontawesome-free/webfonts/fa-brands-400d41d.eot]
[academy.manag.project.viewcert.org/auth/plugins/fontawesome-free/webfonts/fa-regular-400.eot]
[academy.manag.project.viewcert.org/auth/plugins/fontawesome-free/webfonts/fa-brands-400.ttf]
[academy.manag.project.viewcert.org/auth/plugins/fontawesome-free/webfonts/fa-regular-400d41d.eot]
[academy.manag.project.viewcert.org/auth/plugins/fontawesome-free/webfonts/fa-regular-400.woff2]
[academy.manag.project.viewcert.org/auth/plugins/fontawesome-free/webfonts/fa-regular-400.woff]
[academy.manag.project.viewcert.org/auth/plugins/fontawesome-free/webfonts/fa-regular-400.ttf]
[academy.manag.project.viewcert.org/auth/plugins/fontawesome-free/webfonts/fa-regular-400.svg]
[academy.manag.project.viewcert.org/auth/plugins/fontawesome-free/webfonts/fa-solid-900.eot]
[academy.manag.project.viewcert.org/auth/plugins/fontawesome-free/webfonts/fa-solid-900.woff2]
[academy.manag.project.viewcert.org/auth/plugins/fontawesome-free/webfonts/fa-solid-900d41d.eot]
[academy.manag.project.viewcert.org/auth/plugins/fontawesome-free/webfonts/fa-brands-400.svg]
[academy.manag.project.viewcert.org/auth/plugins/fontawesome-free/webfonts/fa-solid-900.woff]
[academy.manag.project.viewcert.org/auth/plugins/fontawesome-free/css/all.min.css]
[code.ionicframework.com/ionicons/2.0.1/css/ionicons.min.css]
[academy.manag.project.viewcert.org/auth/plugins/tempusdominus-bootstrap-4/css/tempusdominus-bootstrap-4.min.css]
[academy.manag.project.viewcert.org/auth/plugins/icheck-bootstrap/icheck-bootstrap.min.css]
[academy.manag.project.viewcert.org/auth/plugins/jqvmap/jqvmap.min.css]
[academy.manag.project.viewcert.org/auth/plugins/fontawesome-free/webfonts/fa-solid-900.ttf]
[academy.manag.project.viewcert.org/auth/dist/css/adminlte.min.css]
[academy.manag.project.viewcert.org/auth/plugins/overlayScrollbars/css/OverlayScrollbars.min.css]
[academy.manag.project.viewcert.org/auth/plugins/daterangepicker/daterangepicker.css]
[academy.manag.project.viewcert.org/auth/plugins/fontawesome-free/webfonts/fa-solid-900.svg]
[academy.manag.project.viewcert.org/auth/plugins/summernote/font/summernote.eot]
[academy.manag.project.viewcert.org/auth/plugins/summernote/font/summernoted41d.eot]
[academy.manag.project.viewcert.org/auth/plugins/summernote/font/summernote.woff2]
[academy.manag.project.viewcert.org/auth/plugins/summernote/font/summernote.woff]
[academy.manag.project.viewcert.org/auth/plugins/summernote/font/summernote.ttf]
[academy.manag.project.viewcert.org/auth/plugins/summernote/summernote-bs4.min.css]
[academy.manag.project.viewcert.org/auth/plugins/fontawesome-free/webfonts/fa-brands-400.svg]
[academy.manag.project.viewcert.org/auth/plugins/fontawesome-free/webfonts/fa-regular-400.svg]
[academy.manag.project.viewcert.org/auth/plugins/fontawesome-free/webfonts/fa-solid-900.svg]
[/State_files/bootstrap5_1_3.min.css]
[/State_files/fonts-local_roboto.css]
[/State_files/langpage_style.css]
